<?xml version="1.0" encoding="UTF-8"?>
<!-- Generated by org.testng.reporters.JUnitXMLReporter -->
<testsuite ignored="0" hostname="Amits-MacBook-Air.local" failures="0" tests="2" name="Default test" time="3.071" errors="0" timestamp="2023-01-07T11:56:34 IST">
  <testcase classname="day2.DiffrentWaysToCreatePostRequestBody" name="testPostusingExternalJsonfile" time="2.96"/>
  <testcase classname="day2.DiffrentWaysToCreatePostRequestBody" name="testDelete" time="0.054"/>
</testsuite> <!-- Default test -->
