<?xml version="1.0" encoding="UTF-8"?>
<!-- Generated by org.testng.reporters.JUnitXMLReporter -->
<testsuite ignored="0" hostname="192.168.1.2" failures="0" tests="4" name="Test" time="7.096" errors="0" timestamp="2023-02-03T22:04:51 IST">
  <testcase classname="day8.CreateUser" name="test_CreateUser" time="4.304"/>
  <testcase classname="day8.GetUser" name="test_getUser" time="0.939"/>
  <testcase classname="day8.UpdateUser" name="test_UpdateUser" time="0.868"/>
  <testcase classname="day8.DeleteUser" name="test_DeleteUser" time="0.906"/>
</testsuite> <!-- Test -->
