<?xml version="1.0" encoding="UTF-8"?>
<testng-results ignored="0" total="4" passed="4" failed="0" skipped="0">
  <reporter-output>
  </reporter-output>
  <suite started-at="2023-02-03T22:04:44 IST" name="Suite" finished-at="2023-02-03T22:04:51 IST" duration-ms="7096">
    <groups>
    </groups>
    <test started-at="2023-02-03T22:04:44 IST" name="Test" finished-at="2023-02-03T22:04:51 IST" duration-ms="7096">
      <class name="day8.UpdateUser">
        <test-method signature="test_UpdateUser(org.testng.ITestContext)[pri:0, instance:day8.UpdateUser@a530d0a]" started-at="2023-02-03T22:04:49 IST" name="test_UpdateUser" finished-at="2023-02-03T22:04:50 IST" duration-ms="868" status="PASS">
          <params>
            <param index="0">
              <value>
                <![CDATA[org.testng.TestRunner@17fc391b]]>
              </value>
            </param>
          </params>
          <reporter-output>
          </reporter-output>
        </test-method> <!-- test_UpdateUser -->
      </class> <!-- day8.UpdateUser -->
      <class name="day8.DeleteUser">
        <test-method signature="test_DeleteUser(org.testng.ITestContext)[pri:0, instance:day8.DeleteUser@1a18644]" started-at="2023-02-03T22:04:50 IST" name="test_DeleteUser" finished-at="2023-02-03T22:04:51 IST" duration-ms="906" status="PASS">
          <params>
            <param index="0">
              <value>
                <![CDATA[org.testng.TestRunner@17fc391b]]>
              </value>
            </param>
          </params>
          <reporter-output>
          </reporter-output>
        </test-method> <!-- test_DeleteUser -->
      </class> <!-- day8.DeleteUser -->
      <class name="day8.CreateUser">
        <test-method signature="test_CreateUser(org.testng.ITestContext)[pri:0, instance:day8.CreateUser@7133da86]" started-at="2023-02-03T22:04:44 IST" name="test_CreateUser" finished-at="2023-02-03T22:04:48 IST" duration-ms="4304" status="PASS">
          <params>
            <param index="0">
              <value>
                <![CDATA[org.testng.TestRunner@17fc391b]]>
              </value>
            </param>
          </params>
          <reporter-output>
          </reporter-output>
        </test-method> <!-- test_CreateUser -->
      </class> <!-- day8.CreateUser -->
      <class name="day8.GetUser">
        <test-method signature="test_getUser(org.testng.ITestContext)[pri:0, instance:day8.GetUser@2f217633]" started-at="2023-02-03T22:04:48 IST" name="test_getUser" finished-at="2023-02-03T22:04:49 IST" duration-ms="939" status="PASS">
          <params>
            <param index="0">
              <value>
                <![CDATA[org.testng.TestRunner@17fc391b]]>
              </value>
            </param>
          </params>
          <reporter-output>
          </reporter-output>
        </test-method> <!-- test_getUser -->
      </class> <!-- day8.GetUser -->
    </test> <!-- Test -->
  </suite> <!-- Suite -->
</testng-results>
