<?xml version="1.0" encoding="UTF-8"?>
<testng-results ignored="0" total="2" passed="2" failed="0" skipped="0">
  <reporter-output>
  </reporter-output>
  <suite started-at="2023-01-07T11:56:31 IST" name="Default suite" finished-at="2023-01-07T11:56:34 IST" duration-ms="3071">
    <groups>
    </groups>
    <test started-at="2023-01-07T11:56:31 IST" name="Default test" finished-at="2023-01-07T11:56:34 IST" duration-ms="3071">
      <class name="day2.DiffrentWaysToCreatePostRequestBody">
        <test-method signature="testPostusingExternalJsonfile()[pri:1, instance:day2.DiffrentWaysToCreatePostRequestBody@156b88f5]" started-at="2023-01-07T11:56:31 IST" name="testPostusingExternalJsonfile" finished-at="2023-01-07T11:56:34 IST" duration-ms="2960" status="PASS">
          <reporter-output>
          </reporter-output>
        </test-method> <!-- testPostusingExternalJsonfile -->
        <test-method signature="testDelete()[pri:2, instance:day2.DiffrentWaysToCreatePostRequestBody@156b88f5]" started-at="2023-01-07T11:56:34 IST" name="testDelete" finished-at="2023-01-07T11:56:34 IST" duration-ms="54" status="PASS">
          <reporter-output>
          </reporter-output>
        </test-method> <!-- testDelete -->
      </class> <!-- day2.DiffrentWaysToCreatePostRequestBody -->
    </test> <!-- Default test -->
  </suite> <!-- Default suite -->
</testng-results>
